<?xml version="1.0" encoding="UTF-8"?>
<testsuite name="com.gitub.oopgurus.refactoringproblems.mailserver.HtmlTemplateNameTest" tests="1" skipped="0" failures="0" errors="0" timestamp="2023-08-06T10:42:47" hostname="oseungjaeui-MacBookAir.local" time="0.001">
  <properties/>
  <testcase name="blank_name()" classname="com.gitub.oopgurus.refactoringproblems.mailserver.HtmlTemplateNameTest" time="0.001"/>
  <system-out><![CDATA[]]></system-out>
  <system-err><![CDATA[]]></system-err>
</testsuite>
