<?xml version="1.0" encoding="UTF-8"?>
<testsuite name="com.gitub.oopgurus.refactoringproblems.mailserver.MailTemplateCreatorTest" tests="1" skipped="0" failures="0" errors="0" timestamp="2023-08-06T10:42:49" hostname="oseungjaeui-MacBookAir.local" time="0.619">
  <properties/>
  <testcase name="create()" classname="com.gitub.oopgurus.refactoringproblems.mailserver.MailTemplateCreatorTest" time="0.619"/>
  <system-out><![CDATA[]]></system-out>
  <system-err><![CDATA[]]></system-err>
</testsuite>
