<?xml version="1.0" encoding="UTF-8"?>
<testsuite name="com.gitub.oopgurus.refactoringproblems.mailserver.DestinationAddressTest" tests="1" skipped="0" failures="0" errors="0" timestamp="2023-08-06T10:32:40" hostname="oseungjaeui-MacBookAir.local" time="0.054">
  <properties/>
  <testcase name="block_domain()" classname="com.gitub.oopgurus.refactoringproblems.mailserver.DestinationAddressTest" time="0.054"/>
  <system-out><![CDATA[]]></system-out>
  <system-err><![CDATA[]]></system-err>
</testsuite>
