<?xml version="1.0" encoding="UTF-8"?>
<testsuite name="com.gitub.oopgurus.refactoringproblems.mailserver.WebApiApplicationTests" tests="1" skipped="0" failures="0" errors="0" timestamp="2023-08-06T10:43:00" hostname="oseungjaeui-MacBookAir.local" time="0.6">
  <properties/>
  <testcase name="contextLoads()" classname="com.gitub.oopgurus.refactoringproblems.mailserver.WebApiApplicationTests" time="0.6"/>
  <system-out><![CDATA[19:42:50.684 [Test worker] INFO org.springframework.test.context.support.AnnotationConfigContextLoaderUtils -- Could not detect default configuration classes for test class [com.gitub.oopgurus.refactoringproblems.mailserver.WebApiApplicationTests]: WebApiApplicationTests does not declare any static, non-private, non-final, nested classes annotated with @Configuration.
19:42:50.952 [Test worker] INFO org.springframework.boot.test.context.SpringBootTestContextBootstrapper -- Found @SpringBootConfiguration com.gitub.oopgurus.refactoringproblems.mailserver.MailServerApplication for test class com.gitub.oopgurus.refactoringproblems.mailserver.WebApiApplicationTests

  .   ____          _            __ _ _
 /\\ / ___'_ __ _ _(_)_ __  __ _ \ \ \ \
( ( )\___ | '_ | '_| | '_ \/ _` | \ \ \ \
 \\/  ___)| |_)| | | | | || (_| |  ) ) ) )
  '  |____| .__|_| |_|_| |_\__, | / / / /
 =========|_|==============|___/=/_/_/_/
 :: Spring Boot ::                (v3.1.0)

2023-08-06T19:42:52.049+09:00  INFO 83922 --- [    Test worker] c.g.o.r.m.WebApiApplicationTests         : Starting WebApiApplicationTests using Java 17.0.1 with PID 83922 (started by seungjae in /Users/seungjae/Desktop/Study/refactoring-problems/mail-server)
2023-08-06T19:42:52.054+09:00  INFO 83922 --- [    Test worker] c.g.o.r.m.WebApiApplicationTests         : No active profile set, falling back to 1 default profile: "default"
2023-08-06T19:42:54.216+09:00  INFO 83922 --- [    Test worker] .s.d.r.c.RepositoryConfigurationDelegate : Bootstrapping Spring Data JPA repositories in DEFAULT mode.
2023-08-06T19:42:54.340+09:00  INFO 83922 --- [    Test worker] .s.d.r.c.RepositoryConfigurationDelegate : Finished Spring Data repository scanning in 108 ms. Found 2 JPA repository interfaces.
2023-08-06T19:42:54.715+09:00  INFO 83922 --- [    Test worker] o.s.cloud.context.scope.GenericScope     : BeanFactory id=e85d4270-5d51-3401-96ec-1e6d10d7e123
2023-08-06T19:42:55.357+09:00  INFO 83922 --- [    Test worker] com.zaxxer.hikari.HikariDataSource       : HikariPool-1 - Starting...
2023-08-06T19:42:55.570+09:00  INFO 83922 --- [    Test worker] com.zaxxer.hikari.pool.HikariPool        : HikariPool-1 - Added connection conn0: url=jdbc:h2:mem:message-server-db user=SA
2023-08-06T19:42:55.573+09:00  INFO 83922 --- [    Test worker] com.zaxxer.hikari.HikariDataSource       : HikariPool-1 - Start completed.
2023-08-06T19:42:55.683+09:00  INFO 83922 --- [    Test worker] o.hibernate.jpa.internal.util.LogHelper  : HHH000204: Processing PersistenceUnitInfo [name: default]
2023-08-06T19:42:55.797+09:00  INFO 83922 --- [    Test worker] org.hibernate.Version                    : HHH000412: Hibernate ORM core version 6.2.2.Final
2023-08-06T19:42:55.801+09:00  INFO 83922 --- [    Test worker] org.hibernate.cfg.Environment            : HHH000406: Using bytecode reflection optimizer
2023-08-06T19:42:56.020+09:00  INFO 83922 --- [    Test worker] o.h.b.i.BytecodeProviderInitiator        : HHH000021: Bytecode provider name : bytebuddy
2023-08-06T19:42:56.058+09:00  INFO 83922 --- [    Test worker] o.s.o.j.p.SpringPersistenceUnitInfo      : No LoadTimeWeaver setup: ignoring JPA class transformer
2023-08-06T19:42:56.113+09:00  INFO 83922 --- [    Test worker] org.hibernate.orm.dialect                : HHH035001: Using dialect: org.hibernate.dialect.H2Dialect, version: 2.1.214
2023-08-06T19:42:56.500+09:00  INFO 83922 --- [    Test worker] o.h.b.i.BytecodeProviderInitiator        : HHH000021: Bytecode provider name : bytebuddy
2023-08-06T19:42:57.065+09:00  INFO 83922 --- [    Test worker] o.h.e.t.j.p.i.JtaPlatformInitiator       : HHH000490: Using JtaPlatform implementation: [org.hibernate.engine.transaction.jta.platform.internal.NoJtaPlatform]
2023-08-06T19:42:57.123+09:00  INFO 83922 --- [    Test worker] o.h.t.s.i.e.GenerationTargetToDatabase   : HHH000476: Executing script '[injected ScriptSourceInputNonExistentImpl script]'
2023-08-06T19:42:57.126+09:00  INFO 83922 --- [    Test worker] j.LocalContainerEntityManagerFactoryBean : Initialized JPA EntityManagerFactory for persistence unit 'default'
2023-08-06T19:42:58.846+09:00  WARN 83922 --- [    Test worker] JpaBaseConfiguration$JpaWebConfiguration : spring.jpa.open-in-view is enabled by default. Therefore, database queries may be performed during view rendering. Explicitly configure spring.jpa.open-in-view to disable this warning
2023-08-06T19:42:59.702+09:00  INFO 83922 --- [    Test worker] o.s.b.a.h2.H2ConsoleAutoConfiguration    : H2 console available at '/h2-console'. Database available at 'jdbc:h2:mem:message-server-db'
2023-08-06T19:42:59.843+09:00  INFO 83922 --- [    Test worker] o.s.b.a.e.web.EndpointLinksResolver      : Exposing 1 endpoint(s) beneath base path '/actuator'
2023-08-06T19:43:00.027+09:00  INFO 83922 --- [    Test worker] c.g.o.r.m.WebApiApplicationTests         : Started WebApiApplicationTests in 8.745 seconds (process running for 20.493)
]]></system-out>
  <system-err><![CDATA[]]></system-err>
</testsuite>
